<?xml version="1.0" encoding="UTF-8"?>
<testsuite name="moviebuddy.domain.MovieFinderTest" tests="2" skipped="0" failures="0" errors="0" timestamp="2021-12-05T12:42:09" hostname="DESKTOP-36VORJ0" time="0.098">
  <properties/>
  <testcase name="NotEmpty_ReleasedYearBy()" classname="moviebuddy.domain.MovieFinderTest" time="0.073"/>
  <testcase name="NotEmpty_directedBy()" classname="moviebuddy.domain.MovieFinderTest" time="0.015"/>
  <system-out><![CDATA[]]></system-out>
  <system-err><![CDATA[]]></system-err>
</testsuite>
