<?xml version="1.0" encoding="UTF-8"?>
<testsuite name="moviebuddy.data.XmlMovieReaderTest" tests="2" skipped="0" failures="0" errors="0" timestamp="2022-01-29T15:25:06" hostname="DESKTOP-36VORJ0" time="0.271">
  <properties/>
  <testcase name="check_Type()" classname="moviebuddy.data.XmlMovieReaderTest" time="0.027"/>
  <testcase name="NotEmpty_LoadedMovies()" classname="moviebuddy.data.XmlMovieReaderTest" time="0.242"/>
  <system-out><![CDATA[00:25:05.624 [Test worker] DEBUG org.springframework.test.context.BootstrapUtils - Instantiating CacheAwareContextLoaderDelegate from class [org.springframework.test.context.cache.DefaultCacheAwareContextLoaderDelegate]
00:25:05.647 [Test worker] DEBUG org.springframework.test.context.BootstrapUtils - Instantiating BootstrapContext using constructor [public org.springframework.test.context.support.DefaultBootstrapContext(java.lang.Class,org.springframework.test.context.CacheAwareContextLoaderDelegate)]
00:25:05.685 [Test worker] DEBUG org.springframework.test.context.BootstrapUtils - Instantiating TestContextBootstrapper for test class [moviebuddy.data.XmlMovieReaderTest] from class [org.springframework.test.context.support.DefaultTestContextBootstrapper]
00:25:05.713 [Test worker] DEBUG org.springframework.test.context.support.AbstractDelegatingSmartContextLoader - Delegating to AnnotationConfigContextLoader to process context configuration [ContextConfigurationAttributes@7dd5817c declaringClass = 'moviebuddy.data.XmlMovieReaderTest', classes = '{class moviebuddy.MovieBuddyFactory}', locations = '{}', inheritLocations = true, initializers = '{}', inheritInitializers = true, name = [null], contextLoaderClass = 'org.springframework.test.context.ContextLoader'].
00:25:05.743 [Test worker] DEBUG org.springframework.test.context.support.DefaultTestContextBootstrapper - @TestExecutionListeners is not present for class [moviebuddy.data.XmlMovieReaderTest]: using defaults.
00:25:05.744 [Test worker] INFO org.springframework.test.context.support.DefaultTestContextBootstrapper - Loaded default TestExecutionListener class names from location [META-INF/spring.factories]: [org.springframework.test.context.web.ServletTestExecutionListener, org.springframework.test.context.support.DirtiesContextBeforeModesTestExecutionListener, org.springframework.test.context.event.ApplicationEventsTestExecutionListener, org.springframework.test.context.support.DependencyInjectionTestExecutionListener, org.springframework.test.context.support.DirtiesContextTestExecutionListener, org.springframework.test.context.transaction.TransactionalTestExecutionListener, org.springframework.test.context.jdbc.SqlScriptsTestExecutionListener, org.springframework.test.context.event.EventPublishingTestExecutionListener]
00:25:05.750 [Test worker] DEBUG org.springframework.test.context.support.DefaultTestContextBootstrapper - Skipping candidate TestExecutionListener [org.springframework.test.context.web.ServletTestExecutionListener] due to a missing dependency. Specify custom listener classes or make the default listener classes and their required dependencies available. Offending class: [javax/servlet/ServletContext]
00:25:05.752 [Test worker] DEBUG org.springframework.test.context.support.DefaultTestContextBootstrapper - Skipping candidate TestExecutionListener [org.springframework.test.context.transaction.TransactionalTestExecutionListener] due to a missing dependency. Specify custom listener classes or make the default listener classes and their required dependencies available. Offending class: [org/springframework/transaction/interceptor/TransactionAttributeSource]
00:25:05.753 [Test worker] DEBUG org.springframework.test.context.support.DefaultTestContextBootstrapper - Skipping candidate TestExecutionListener [org.springframework.test.context.jdbc.SqlScriptsTestExecutionListener] due to a missing dependency. Specify custom listener classes or make the default listener classes and their required dependencies available. Offending class: [org/springframework/transaction/interceptor/TransactionAttribute]
00:25:05.753 [Test worker] INFO org.springframework.test.context.support.DefaultTestContextBootstrapper - Using TestExecutionListeners: [org.springframework.test.context.support.DirtiesContextBeforeModesTestExecutionListener@3b329703, org.springframework.test.context.event.ApplicationEventsTestExecutionListener@739caaba, org.springframework.test.context.support.DependencyInjectionTestExecutionListener@62fb7ff9, org.springframework.test.context.support.DirtiesContextTestExecutionListener@13f4aed3, org.springframework.test.context.event.EventPublishingTestExecutionListener@3cd1a921]
00:25:05.754 [Test worker] DEBUG org.springframework.test.context.support.AbstractDirtiesContextTestExecutionListener - Before test class: context [DefaultTestContext@4077e8c1 testClass = XmlMovieReaderTest, testInstance = [null], testMethod = [null], testException = [null], mergedContextConfiguration = [MergedContextConfiguration@5d02bd8d testClass = XmlMovieReaderTest, locations = '{}', classes = '{class moviebuddy.MovieBuddyFactory}', contextInitializerClasses = '[]', activeProfiles = '{xml_mode}', propertySourceLocations = '{}', propertySourceProperties = '{movie.metadata=movie_metadata.xml}', contextCustomizers = set[[empty]], contextLoader = 'org.springframework.test.context.support.DelegatingSmartContextLoader', parent = [null]], attributes = map[[empty]]], class annotated with @DirtiesContext [false] with mode [null].
00:25:05.764 [Test worker] DEBUG org.springframework.test.context.support.DependencyInjectionTestExecutionListener - Performing dependency injection for test context [[DefaultTestContext@4077e8c1 testClass = XmlMovieReaderTest, testInstance = moviebuddy.data.XmlMovieReaderTest@1c7e320d, testMethod = [null], testException = [null], mergedContextConfiguration = [MergedContextConfiguration@5d02bd8d testClass = XmlMovieReaderTest, locations = '{}', classes = '{class moviebuddy.MovieBuddyFactory}', contextInitializerClasses = '[]', activeProfiles = '{xml_mode}', propertySourceLocations = '{}', propertySourceProperties = '{movie.metadata=movie_metadata.xml}', contextCustomizers = set[[empty]], contextLoader = 'org.springframework.test.context.support.DelegatingSmartContextLoader', parent = [null]], attributes = map['org.springframework.test.context.event.ApplicationEventsTestExecutionListener.recordApplicationEvents' -> false]]].
00:25:05.765 [Test worker] DEBUG org.springframework.test.context.support.AbstractDelegatingSmartContextLoader - Delegating to AnnotationConfigContextLoader to load context from [MergedContextConfiguration@5d02bd8d testClass = XmlMovieReaderTest, locations = '{}', classes = '{class moviebuddy.MovieBuddyFactory}', contextInitializerClasses = '[]', activeProfiles = '{xml_mode}', propertySourceLocations = '{}', propertySourceProperties = '{movie.metadata=movie_metadata.xml}', contextCustomizers = set[[empty]], contextLoader = 'org.springframework.test.context.support.DelegatingSmartContextLoader', parent = [null]].
00:25:05.765 [Test worker] DEBUG org.springframework.test.context.support.AbstractGenericContextLoader - Loading ApplicationContext for merged context configuration [[MergedContextConfiguration@5d02bd8d testClass = XmlMovieReaderTest, locations = '{}', classes = '{class moviebuddy.MovieBuddyFactory}', contextInitializerClasses = '[]', activeProfiles = '{xml_mode}', propertySourceLocations = '{}', propertySourceProperties = '{movie.metadata=movie_metadata.xml}', contextCustomizers = set[[empty]], contextLoader = 'org.springframework.test.context.support.DelegatingSmartContextLoader', parent = [null]]].
00:25:05.819 [Test worker] DEBUG org.springframework.core.env.StandardEnvironment - Activating profiles [xml_mode]
00:25:05.820 [Test worker] DEBUG org.springframework.test.context.support.TestPropertySourceUtils - Adding inlined properties to environment: {movie.metadata=movie_metadata.xml}
00:25:05.820 [Test worker] DEBUG org.springframework.test.context.support.AnnotationConfigContextLoader - Registering component classes: {class moviebuddy.MovieBuddyFactory}
00:25:05.867 [Test worker] DEBUG org.springframework.context.support.GenericApplicationContext - Refreshing org.springframework.context.support.GenericApplicationContext@5d1b5d70
00:25:05.884 [Test worker] DEBUG org.springframework.beans.factory.support.DefaultListableBeanFactory - Creating shared instance of singleton bean 'org.springframework.context.annotation.internalConfigurationAnnotationProcessor'
00:25:05.979 [Test worker] DEBUG org.springframework.context.annotation.ClassPathBeanDefinitionScanner - Identified candidate component class: file [C:\Users\leeka\IdeaProjects\moviebuddy\build\classes\java\main\moviebuddy\MovieBuddyFactory$DataSourceModuleConfig.class]
00:25:05.980 [Test worker] DEBUG org.springframework.context.annotation.ClassPathBeanDefinitionScanner - Identified candidate component class: file [C:\Users\leeka\IdeaProjects\moviebuddy\build\classes\java\main\moviebuddy\MovieBuddyFactory$DomainModuleConfig.class]
00:25:06.009 [Test worker] DEBUG org.springframework.context.annotation.ClassPathBeanDefinitionScanner - Identified candidate component class: file [C:\Users\leeka\IdeaProjects\moviebuddy\build\classes\java\main\moviebuddy\data\XmlMovieReader.class]
00:25:06.011 [Test worker] DEBUG org.springframework.context.annotation.ClassPathBeanDefinitionScanner - Identified candidate component class: file [C:\Users\leeka\IdeaProjects\moviebuddy\build\classes\java\main\moviebuddy\domain\MovieFinder.class]
00:25:06.159 [Test worker] DEBUG org.springframework.beans.factory.support.DefaultListableBeanFactory - Creating shared instance of singleton bean 'org.springframework.context.event.internalEventListenerProcessor'
00:25:06.161 [Test worker] DEBUG org.springframework.beans.factory.support.DefaultListableBeanFactory - Creating shared instance of singleton bean 'org.springframework.context.event.internalEventListenerFactory'
00:25:06.162 [Test worker] DEBUG org.springframework.beans.factory.support.DefaultListableBeanFactory - Creating shared instance of singleton bean 'org.springframework.context.annotation.internalAutowiredAnnotationProcessor'
00:25:06.164 [Test worker] DEBUG org.springframework.beans.factory.support.DefaultListableBeanFactory - Creating shared instance of singleton bean 'org.springframework.context.annotation.internalCommonAnnotationProcessor'
00:25:06.170 [Test worker] DEBUG org.springframework.beans.factory.support.DefaultListableBeanFactory - Creating shared instance of singleton bean 'org.springframework.aop.config.internalAutoProxyCreator'
00:25:06.261 [Test worker] DEBUG org.springframework.beans.factory.support.DefaultListableBeanFactory - Creating shared instance of singleton bean 'movieBuddyFactory'
00:25:06.289 [Test worker] DEBUG org.springframework.aop.aspectj.annotation.ReflectiveAspectJAdvisorFactory - Found AspectJ method: public java.lang.Object moviebuddy.cache.CachingAspect.doCachingReturnValue(org.aspectj.lang.ProceedingJoinPoint) throws java.lang.Throwable
00:25:06.411 [Test worker] DEBUG org.springframework.beans.factory.support.DefaultListableBeanFactory - Creating shared instance of singleton bean 'movieBuddyFactory.DataSourceModuleConfig'
00:25:06.412 [Test worker] DEBUG org.springframework.beans.factory.support.DefaultListableBeanFactory - Creating shared instance of singleton bean 'movieBuddyFactory.DomainModuleConfig'
00:25:06.413 [Test worker] DEBUG org.springframework.beans.factory.support.DefaultListableBeanFactory - Creating shared instance of singleton bean 'xmlMovieReader'
00:25:06.425 [Test worker] DEBUG org.springframework.beans.factory.support.DefaultListableBeanFactory - Creating shared instance of singleton bean 'jaxb2Marshaller'
00:25:06.444 [Test worker] DEBUG org.springframework.oxm.jaxb.Jaxb2Marshaller - Creating JAXBContext by scanning packages [moviebuddy]
00:25:06.466 [Test worker] DEBUG org.springframework.oxm.jaxb.Jaxb2Marshaller - Found JAXB2 classes: [class moviebuddy.data.XmlMovieReader$MovieMetaData]
00:25:06.635 [Test worker] DEBUG org.springframework.beans.factory.support.DefaultListableBeanFactory - Autowiring by type from bean name 'xmlMovieReader' via constructor to bean named 'jaxb2Marshaller'
00:25:06.648 [Test worker] DEBUG org.springframework.core.env.PropertySourcesPropertyResolver - Found key 'movie.metadata' in PropertySource 'Inlined Test Properties' with value of type String
00:25:06.652 [Test worker] INFO moviebuddy.data.XmlMovieReader - class path resource [movie_metadata.xml]is ready
00:25:06.675 [Test worker] DEBUG org.springframework.beans.factory.support.DefaultListableBeanFactory - Creating shared instance of singleton bean 'movieFinder'
00:25:06.679 [Test worker] DEBUG org.springframework.beans.factory.support.DefaultListableBeanFactory - Autowiring by type from bean name 'movieFinder' via constructor to bean named 'xmlMovieReader'
00:25:06.681 [Test worker] DEBUG org.springframework.beans.factory.support.DefaultListableBeanFactory - Creating shared instance of singleton bean 'caffineCacheManger'
00:25:06.693 [Test worker] DEBUG org.springframework.beans.factory.support.DefaultListableBeanFactory - Creating shared instance of singleton bean 'cachingAspect'
00:25:06.694 [Test worker] DEBUG org.springframework.beans.factory.support.DefaultListableBeanFactory - Autowiring by type from bean name 'cachingAspect' via factory method to bean named 'caffineCacheManger'
00:25:06.705 [Test worker] DEBUG org.springframework.test.context.cache.DefaultCacheAwareContextLoaderDelegate - Storing ApplicationContext [1562074480] in cache under key [[MergedContextConfiguration@5d02bd8d testClass = XmlMovieReaderTest, locations = '{}', classes = '{class moviebuddy.MovieBuddyFactory}', contextInitializerClasses = '[]', activeProfiles = '{xml_mode}', propertySourceLocations = '{}', propertySourceProperties = '{movie.metadata=movie_metadata.xml}', contextCustomizers = set[[empty]], contextLoader = 'org.springframework.test.context.support.DelegatingSmartContextLoader', parent = [null]]]
00:25:06.705 [Test worker] DEBUG org.springframework.test.context.cache - Spring test ApplicationContext cache statistics: [DefaultContextCache@3a42837a size = 1, maxSize = 32, parentContextCount = 0, hitCount = 0, missCount = 1]
00:25:06.711 [Test worker] DEBUG org.springframework.test.context.cache.DefaultCacheAwareContextLoaderDelegate - Retrieved ApplicationContext [1562074480] from cache with key [[MergedContextConfiguration@5d02bd8d testClass = XmlMovieReaderTest, locations = '{}', classes = '{class moviebuddy.MovieBuddyFactory}', contextInitializerClasses = '[]', activeProfiles = '{xml_mode}', propertySourceLocations = '{}', propertySourceProperties = '{movie.metadata=movie_metadata.xml}', contextCustomizers = set[[empty]], contextLoader = 'org.springframework.test.context.support.DelegatingSmartContextLoader', parent = [null]]]
00:25:06.711 [Test worker] DEBUG org.springframework.test.context.cache - Spring test ApplicationContext cache statistics: [DefaultContextCache@3a42837a size = 1, maxSize = 32, parentContextCount = 0, hitCount = 1, missCount = 1]
00:25:06.721 [Test worker] DEBUG org.springframework.test.context.support.AbstractDirtiesContextTestExecutionListener - Before test method: context [DefaultTestContext@4077e8c1 testClass = XmlMovieReaderTest, testInstance = moviebuddy.data.XmlMovieReaderTest@1c7e320d, testMethod = check_Type@XmlMovieReaderTest, testException = [null], mergedContextConfiguration = [MergedContextConfiguration@5d02bd8d testClass = XmlMovieReaderTest, locations = '{}', classes = '{class moviebuddy.MovieBuddyFactory}', contextInitializerClasses = '[]', activeProfiles = '{xml_mode}', propertySourceLocations = '{}', propertySourceProperties = '{movie.metadata=movie_metadata.xml}', contextCustomizers = set[[empty]], contextLoader = 'org.springframework.test.context.support.DelegatingSmartContextLoader', parent = [null]], attributes = map['org.springframework.test.context.event.ApplicationEventsTestExecutionListener.recordApplicationEvents' -> false]], class annotated with @DirtiesContext [false] with mode [null], method annotated with @DirtiesContext [false] with mode [null].
00:25:06.722 [Test worker] DEBUG org.springframework.test.context.cache.DefaultCacheAwareContextLoaderDelegate - Retrieved ApplicationContext [1562074480] from cache with key [[MergedContextConfiguration@5d02bd8d testClass = XmlMovieReaderTest, locations = '{}', classes = '{class moviebuddy.MovieBuddyFactory}', contextInitializerClasses = '[]', activeProfiles = '{xml_mode}', propertySourceLocations = '{}', propertySourceProperties = '{movie.metadata=movie_metadata.xml}', contextCustomizers = set[[empty]], contextLoader = 'org.springframework.test.context.support.DelegatingSmartContextLoader', parent = [null]]]
00:25:06.722 [Test worker] DEBUG org.springframework.test.context.cache - Spring test ApplicationContext cache statistics: [DefaultContextCache@3a42837a size = 1, maxSize = 32, parentContextCount = 0, hitCount = 2, missCount = 1]
00:25:06.724 [Test worker] DEBUG org.springframework.test.context.cache.DefaultCacheAwareContextLoaderDelegate - Retrieved ApplicationContext [1562074480] from cache with key [[MergedContextConfiguration@5d02bd8d testClass = XmlMovieReaderTest, locations = '{}', classes = '{class moviebuddy.MovieBuddyFactory}', contextInitializerClasses = '[]', activeProfiles = '{xml_mode}', propertySourceLocations = '{}', propertySourceProperties = '{movie.metadata=movie_metadata.xml}', contextCustomizers = set[[empty]], contextLoader = 'org.springframework.test.context.support.DelegatingSmartContextLoader', parent = [null]]]
00:25:06.724 [Test worker] DEBUG org.springframework.test.context.cache - Spring test ApplicationContext cache statistics: [DefaultContextCache@3a42837a size = 1, maxSize = 32, parentContextCount = 0, hitCount = 3, missCount = 1]
00:25:06.734 [Test worker] DEBUG org.springframework.test.context.cache.DefaultCacheAwareContextLoaderDelegate - Retrieved ApplicationContext [1562074480] from cache with key [[MergedContextConfiguration@5d02bd8d testClass = XmlMovieReaderTest, locations = '{}', classes = '{class moviebuddy.MovieBuddyFactory}', contextInitializerClasses = '[]', activeProfiles = '{xml_mode}', propertySourceLocations = '{}', propertySourceProperties = '{movie.metadata=movie_metadata.xml}', contextCustomizers = set[[empty]], contextLoader = 'org.springframework.test.context.support.DelegatingSmartContextLoader', parent = [null]]]
00:25:06.734 [Test worker] DEBUG org.springframework.test.context.cache - Spring test ApplicationContext cache statistics: [DefaultContextCache@3a42837a size = 1, maxSize = 32, parentContextCount = 0, hitCount = 4, missCount = 1]
00:25:06.736 [Test worker] DEBUG org.springframework.test.context.cache.DefaultCacheAwareContextLoaderDelegate - Retrieved ApplicationContext [1562074480] from cache with key [[MergedContextConfiguration@5d02bd8d testClass = XmlMovieReaderTest, locations = '{}', classes = '{class moviebuddy.MovieBuddyFactory}', contextInitializerClasses = '[]', activeProfiles = '{xml_mode}', propertySourceLocations = '{}', propertySourceProperties = '{movie.metadata=movie_metadata.xml}', contextCustomizers = set[[empty]], contextLoader = 'org.springframework.test.context.support.DelegatingSmartContextLoader', parent = [null]]]
00:25:06.736 [Test worker] DEBUG org.springframework.test.context.cache - Spring test ApplicationContext cache statistics: [DefaultContextCache@3a42837a size = 1, maxSize = 32, parentContextCount = 0, hitCount = 5, missCount = 1]
00:25:06.736 [Test worker] DEBUG org.springframework.test.context.support.AbstractDirtiesContextTestExecutionListener - After test method: context [DefaultTestContext@4077e8c1 testClass = XmlMovieReaderTest, testInstance = moviebuddy.data.XmlMovieReaderTest@1c7e320d, testMethod = check_Type@XmlMovieReaderTest, testException = [null], mergedContextConfiguration = [MergedContextConfiguration@5d02bd8d testClass = XmlMovieReaderTest, locations = '{}', classes = '{class moviebuddy.MovieBuddyFactory}', contextInitializerClasses = '[]', activeProfiles = '{xml_mode}', propertySourceLocations = '{}', propertySourceProperties = '{movie.metadata=movie_metadata.xml}', contextCustomizers = set[[empty]], contextLoader = 'org.springframework.test.context.support.DelegatingSmartContextLoader', parent = [null]], attributes = map['org.springframework.test.context.event.ApplicationEventsTestExecutionListener.recordApplicationEvents' -> false]], class annotated with @DirtiesContext [false] with mode [null], method annotated with @DirtiesContext [false] with mode [null].
00:25:06.741 [Test worker] DEBUG org.springframework.test.context.support.DependencyInjectionTestExecutionListener - Performing dependency injection for test context [[DefaultTestContext@4077e8c1 testClass = XmlMovieReaderTest, testInstance = moviebuddy.data.XmlMovieReaderTest@68e84230, testMethod = [null], testException = [null], mergedContextConfiguration = [MergedContextConfiguration@5d02bd8d testClass = XmlMovieReaderTest, locations = '{}', classes = '{class moviebuddy.MovieBuddyFactory}', contextInitializerClasses = '[]', activeProfiles = '{xml_mode}', propertySourceLocations = '{}', propertySourceProperties = '{movie.metadata=movie_metadata.xml}', contextCustomizers = set[[empty]], contextLoader = 'org.springframework.test.context.support.DelegatingSmartContextLoader', parent = [null]], attributes = map['org.springframework.test.context.event.ApplicationEventsTestExecutionListener.recordApplicationEvents' -> false]]].
00:25:06.741 [Test worker] DEBUG org.springframework.test.context.cache.DefaultCacheAwareContextLoaderDelegate - Retrieved ApplicationContext [1562074480] from cache with key [[MergedContextConfiguration@5d02bd8d testClass = XmlMovieReaderTest, locations = '{}', classes = '{class moviebuddy.MovieBuddyFactory}', contextInitializerClasses = '[]', activeProfiles = '{xml_mode}', propertySourceLocations = '{}', propertySourceProperties = '{movie.metadata=movie_metadata.xml}', contextCustomizers = set[[empty]], contextLoader = 'org.springframework.test.context.support.DelegatingSmartContextLoader', parent = [null]]]
00:25:06.741 [Test worker] DEBUG org.springframework.test.context.cache - Spring test ApplicationContext cache statistics: [DefaultContextCache@3a42837a size = 1, maxSize = 32, parentContextCount = 0, hitCount = 6, missCount = 1]
00:25:06.741 [Test worker] DEBUG org.springframework.test.context.cache.DefaultCacheAwareContextLoaderDelegate - Retrieved ApplicationContext [1562074480] from cache with key [[MergedContextConfiguration@5d02bd8d testClass = XmlMovieReaderTest, locations = '{}', classes = '{class moviebuddy.MovieBuddyFactory}', contextInitializerClasses = '[]', activeProfiles = '{xml_mode}', propertySourceLocations = '{}', propertySourceProperties = '{movie.metadata=movie_metadata.xml}', contextCustomizers = set[[empty]], contextLoader = 'org.springframework.test.context.support.DelegatingSmartContextLoader', parent = [null]]]
00:25:06.741 [Test worker] DEBUG org.springframework.test.context.cache - Spring test ApplicationContext cache statistics: [DefaultContextCache@3a42837a size = 1, maxSize = 32, parentContextCount = 0, hitCount = 7, missCount = 1]
00:25:06.743 [Test worker] DEBUG org.springframework.test.context.support.AbstractDirtiesContextTestExecutionListener - Before test method: context [DefaultTestContext@4077e8c1 testClass = XmlMovieReaderTest, testInstance = moviebuddy.data.XmlMovieReaderTest@68e84230, testMethod = NotEmpty_LoadedMovies@XmlMovieReaderTest, testException = [null], mergedContextConfiguration = [MergedContextConfiguration@5d02bd8d testClass = XmlMovieReaderTest, locations = '{}', classes = '{class moviebuddy.MovieBuddyFactory}', contextInitializerClasses = '[]', activeProfiles = '{xml_mode}', propertySourceLocations = '{}', propertySourceProperties = '{movie.metadata=movie_metadata.xml}', contextCustomizers = set[[empty]], contextLoader = 'org.springframework.test.context.support.DelegatingSmartContextLoader', parent = [null]], attributes = map['org.springframework.test.context.event.ApplicationEventsTestExecutionListener.recordApplicationEvents' -> false]], class annotated with @DirtiesContext [false] with mode [null], method annotated with @DirtiesContext [false] with mode [null].
00:25:06.743 [Test worker] DEBUG org.springframework.test.context.cache.DefaultCacheAwareContextLoaderDelegate - Retrieved ApplicationContext [1562074480] from cache with key [[MergedContextConfiguration@5d02bd8d testClass = XmlMovieReaderTest, locations = '{}', classes = '{class moviebuddy.MovieBuddyFactory}', contextInitializerClasses = '[]', activeProfiles = '{xml_mode}', propertySourceLocations = '{}', propertySourceProperties = '{movie.metadata=movie_metadata.xml}', contextCustomizers = set[[empty]], contextLoader = 'org.springframework.test.context.support.DelegatingSmartContextLoader', parent = [null]]]
00:25:06.743 [Test worker] DEBUG org.springframework.test.context.cache - Spring test ApplicationContext cache statistics: [DefaultContextCache@3a42837a size = 1, maxSize = 32, parentContextCount = 0, hitCount = 8, missCount = 1]
00:25:06.743 [Test worker] DEBUG org.springframework.test.context.cache.DefaultCacheAwareContextLoaderDelegate - Retrieved ApplicationContext [1562074480] from cache with key [[MergedContextConfiguration@5d02bd8d testClass = XmlMovieReaderTest, locations = '{}', classes = '{class moviebuddy.MovieBuddyFactory}', contextInitializerClasses = '[]', activeProfiles = '{xml_mode}', propertySourceLocations = '{}', propertySourceProperties = '{movie.metadata=movie_metadata.xml}', contextCustomizers = set[[empty]], contextLoader = 'org.springframework.test.context.support.DelegatingSmartContextLoader', parent = [null]]]
00:25:06.744 [Test worker] DEBUG org.springframework.test.context.cache - Spring test ApplicationContext cache statistics: [DefaultContextCache@3a42837a size = 1, maxSize = 32, parentContextCount = 0, hitCount = 9, missCount = 1]
00:25:06.974 [Test worker] INFO moviebuddy.cache.CachingAspect - caching return value. [execution(List moviebuddy.domain.MovieReader.loadMovies())]
00:25:06.980 [Test worker] DEBUG org.springframework.test.context.cache.DefaultCacheAwareContextLoaderDelegate - Retrieved ApplicationContext [1562074480] from cache with key [[MergedContextConfiguration@5d02bd8d testClass = XmlMovieReaderTest, locations = '{}', classes = '{class moviebuddy.MovieBuddyFactory}', contextInitializerClasses = '[]', activeProfiles = '{xml_mode}', propertySourceLocations = '{}', propertySourceProperties = '{movie.metadata=movie_metadata.xml}', contextCustomizers = set[[empty]], contextLoader = 'org.springframework.test.context.support.DelegatingSmartContextLoader', parent = [null]]]
00:25:06.980 [Test worker] DEBUG org.springframework.test.context.cache - Spring test ApplicationContext cache statistics: [DefaultContextCache@3a42837a size = 1, maxSize = 32, parentContextCount = 0, hitCount = 10, missCount = 1]
00:25:06.981 [Test worker] DEBUG org.springframework.test.context.cache.DefaultCacheAwareContextLoaderDelegate - Retrieved ApplicationContext [1562074480] from cache with key [[MergedContextConfiguration@5d02bd8d testClass = XmlMovieReaderTest, locations = '{}', classes = '{class moviebuddy.MovieBuddyFactory}', contextInitializerClasses = '[]', activeProfiles = '{xml_mode}', propertySourceLocations = '{}', propertySourceProperties = '{movie.metadata=movie_metadata.xml}', contextCustomizers = set[[empty]], contextLoader = 'org.springframework.test.context.support.DelegatingSmartContextLoader', parent = [null]]]
00:25:06.982 [Test worker] DEBUG org.springframework.test.context.cache - Spring test ApplicationContext cache statistics: [DefaultContextCache@3a42837a size = 1, maxSize = 32, parentContextCount = 0, hitCount = 11, missCount = 1]
00:25:06.983 [Test worker] DEBUG org.springframework.test.context.support.AbstractDirtiesContextTestExecutionListener - After test method: context [DefaultTestContext@4077e8c1 testClass = XmlMovieReaderTest, testInstance = moviebuddy.data.XmlMovieReaderTest@68e84230, testMethod = NotEmpty_LoadedMovies@XmlMovieReaderTest, testException = [null], mergedContextConfiguration = [MergedContextConfiguration@5d02bd8d testClass = XmlMovieReaderTest, locations = '{}', classes = '{class moviebuddy.MovieBuddyFactory}', contextInitializerClasses = '[]', activeProfiles = '{xml_mode}', propertySourceLocations = '{}', propertySourceProperties = '{movie.metadata=movie_metadata.xml}', contextCustomizers = set[[empty]], contextLoader = 'org.springframework.test.context.support.DelegatingSmartContextLoader', parent = [null]], attributes = map['org.springframework.test.context.event.ApplicationEventsTestExecutionListener.recordApplicationEvents' -> false]], class annotated with @DirtiesContext [false] with mode [null], method annotated with @DirtiesContext [false] with mode [null].
00:25:06.986 [Test worker] DEBUG org.springframework.test.context.cache.DefaultCacheAwareContextLoaderDelegate - Retrieved ApplicationContext [1562074480] from cache with key [[MergedContextConfiguration@5d02bd8d testClass = XmlMovieReaderTest, locations = '{}', classes = '{class moviebuddy.MovieBuddyFactory}', contextInitializerClasses = '[]', activeProfiles = '{xml_mode}', propertySourceLocations = '{}', propertySourceProperties = '{movie.metadata=movie_metadata.xml}', contextCustomizers = set[[empty]], contextLoader = 'org.springframework.test.context.support.DelegatingSmartContextLoader', parent = [null]]]
00:25:06.987 [Test worker] DEBUG org.springframework.test.context.cache - Spring test ApplicationContext cache statistics: [DefaultContextCache@3a42837a size = 1, maxSize = 32, parentContextCount = 0, hitCount = 12, missCount = 1]
00:25:06.988 [Test worker] DEBUG org.springframework.test.context.support.AbstractDirtiesContextTestExecutionListener - After test class: context [DefaultTestContext@4077e8c1 testClass = XmlMovieReaderTest, testInstance = [null], testMethod = [null], testException = [null], mergedContextConfiguration = [MergedContextConfiguration@5d02bd8d testClass = XmlMovieReaderTest, locations = '{}', classes = '{class moviebuddy.MovieBuddyFactory}', contextInitializerClasses = '[]', activeProfiles = '{xml_mode}', propertySourceLocations = '{}', propertySourceProperties = '{movie.metadata=movie_metadata.xml}', contextCustomizers = set[[empty]], contextLoader = 'org.springframework.test.context.support.DelegatingSmartContextLoader', parent = [null]], attributes = map['org.springframework.test.context.event.ApplicationEventsTestExecutionListener.recordApplicationEvents' -> false]], class annotated with @DirtiesContext [false] with mode [null].
]]></system-out>
  <system-err><![CDATA[]]></system-err>
</testsuite>
