<?xml version="1.0" encoding="UTF-8"?>
<testsuite name="moviebuddy.data.XmlMovieReaderTest" tests="2" skipped="0" failures="0" errors="0" timestamp="2022-01-29T14:55:48" hostname="DESKTOP-36VORJ0" time="0.272">
  <properties/>
  <testcase name="check_Type()" classname="moviebuddy.data.XmlMovieReaderTest" time="0.022"/>
  <testcase name="NotEmpty_LoadedMovies()" classname="moviebuddy.data.XmlMovieReaderTest" time="0.248"/>
  <system-out><![CDATA[23:55:47.762 [Test worker] DEBUG org.springframework.test.context.BootstrapUtils - Instantiating CacheAwareContextLoaderDelegate from class [org.springframework.test.context.cache.DefaultCacheAwareContextLoaderDelegate]
23:55:47.779 [Test worker] DEBUG org.springframework.test.context.BootstrapUtils - Instantiating BootstrapContext using constructor [public org.springframework.test.context.support.DefaultBootstrapContext(java.lang.Class,org.springframework.test.context.CacheAwareContextLoaderDelegate)]
23:55:47.814 [Test worker] DEBUG org.springframework.test.context.BootstrapUtils - Instantiating TestContextBootstrapper for test class [moviebuddy.data.XmlMovieReaderTest] from class [org.springframework.test.context.support.DefaultTestContextBootstrapper]
23:55:47.841 [Test worker] DEBUG org.springframework.test.context.support.AbstractDelegatingSmartContextLoader - Delegating to AnnotationConfigContextLoader to process context configuration [ContextConfigurationAttributes@65dd4d62 declaringClass = 'moviebuddy.data.XmlMovieReaderTest', classes = '{class moviebuddy.MovieBuddyFactory}', locations = '{}', inheritLocations = true, initializers = '{}', inheritInitializers = true, name = [null], contextLoaderClass = 'org.springframework.test.context.ContextLoader'].
23:55:47.871 [Test worker] DEBUG org.springframework.test.context.support.DefaultTestContextBootstrapper - @TestExecutionListeners is not present for class [moviebuddy.data.XmlMovieReaderTest]: using defaults.
23:55:47.872 [Test worker] INFO org.springframework.test.context.support.DefaultTestContextBootstrapper - Loaded default TestExecutionListener class names from location [META-INF/spring.factories]: [org.springframework.test.context.web.ServletTestExecutionListener, org.springframework.test.context.support.DirtiesContextBeforeModesTestExecutionListener, org.springframework.test.context.event.ApplicationEventsTestExecutionListener, org.springframework.test.context.support.DependencyInjectionTestExecutionListener, org.springframework.test.context.support.DirtiesContextTestExecutionListener, org.springframework.test.context.transaction.TransactionalTestExecutionListener, org.springframework.test.context.jdbc.SqlScriptsTestExecutionListener, org.springframework.test.context.event.EventPublishingTestExecutionListener]
23:55:47.878 [Test worker] DEBUG org.springframework.test.context.support.DefaultTestContextBootstrapper - Skipping candidate TestExecutionListener [org.springframework.test.context.web.ServletTestExecutionListener] due to a missing dependency. Specify custom listener classes or make the default listener classes and their required dependencies available. Offending class: [javax/servlet/ServletContext]
23:55:47.880 [Test worker] DEBUG org.springframework.test.context.support.DefaultTestContextBootstrapper - Skipping candidate TestExecutionListener [org.springframework.test.context.transaction.TransactionalTestExecutionListener] due to a missing dependency. Specify custom listener classes or make the default listener classes and their required dependencies available. Offending class: [org/springframework/transaction/interceptor/TransactionAttributeSource]
23:55:47.881 [Test worker] DEBUG org.springframework.test.context.support.DefaultTestContextBootstrapper - Skipping candidate TestExecutionListener [org.springframework.test.context.jdbc.SqlScriptsTestExecutionListener] due to a missing dependency. Specify custom listener classes or make the default listener classes and their required dependencies available. Offending class: [org/springframework/transaction/interceptor/TransactionAttribute]
23:55:47.881 [Test worker] INFO org.springframework.test.context.support.DefaultTestContextBootstrapper - Using TestExecutionListeners: [org.springframework.test.context.support.DirtiesContextBeforeModesTestExecutionListener@16bf23b7, org.springframework.test.context.event.ApplicationEventsTestExecutionListener@29c1faa8, org.springframework.test.context.support.DependencyInjectionTestExecutionListener@214551da, org.springframework.test.context.support.DirtiesContextTestExecutionListener@540ea4c9, org.springframework.test.context.event.EventPublishingTestExecutionListener@3b438764]
23:55:47.883 [Test worker] DEBUG org.springframework.test.context.support.AbstractDirtiesContextTestExecutionListener - Before test class: context [DefaultTestContext@19e114ba testClass = XmlMovieReaderTest, testInstance = [null], testMethod = [null], testException = [null], mergedContextConfiguration = [MergedContextConfiguration@6ba356ff testClass = XmlMovieReaderTest, locations = '{}', classes = '{class moviebuddy.MovieBuddyFactory}', contextInitializerClasses = '[]', activeProfiles = '{xml_mode}', propertySourceLocations = '{}', propertySourceProperties = '{movie.metadata=movie_metadata.xml}', contextCustomizers = set[[empty]], contextLoader = 'org.springframework.test.context.support.DelegatingSmartContextLoader', parent = [null]], attributes = map[[empty]]], class annotated with @DirtiesContext [false] with mode [null].
23:55:47.893 [Test worker] DEBUG org.springframework.test.context.support.DependencyInjectionTestExecutionListener - Performing dependency injection for test context [[DefaultTestContext@19e114ba testClass = XmlMovieReaderTest, testInstance = moviebuddy.data.XmlMovieReaderTest@6b80890b, testMethod = [null], testException = [null], mergedContextConfiguration = [MergedContextConfiguration@6ba356ff testClass = XmlMovieReaderTest, locations = '{}', classes = '{class moviebuddy.MovieBuddyFactory}', contextInitializerClasses = '[]', activeProfiles = '{xml_mode}', propertySourceLocations = '{}', propertySourceProperties = '{movie.metadata=movie_metadata.xml}', contextCustomizers = set[[empty]], contextLoader = 'org.springframework.test.context.support.DelegatingSmartContextLoader', parent = [null]], attributes = map['org.springframework.test.context.event.ApplicationEventsTestExecutionListener.recordApplicationEvents' -> false]]].
23:55:47.894 [Test worker] DEBUG org.springframework.test.context.support.AbstractDelegatingSmartContextLoader - Delegating to AnnotationConfigContextLoader to load context from [MergedContextConfiguration@6ba356ff testClass = XmlMovieReaderTest, locations = '{}', classes = '{class moviebuddy.MovieBuddyFactory}', contextInitializerClasses = '[]', activeProfiles = '{xml_mode}', propertySourceLocations = '{}', propertySourceProperties = '{movie.metadata=movie_metadata.xml}', contextCustomizers = set[[empty]], contextLoader = 'org.springframework.test.context.support.DelegatingSmartContextLoader', parent = [null]].
23:55:47.894 [Test worker] DEBUG org.springframework.test.context.support.AbstractGenericContextLoader - Loading ApplicationContext for merged context configuration [[MergedContextConfiguration@6ba356ff testClass = XmlMovieReaderTest, locations = '{}', classes = '{class moviebuddy.MovieBuddyFactory}', contextInitializerClasses = '[]', activeProfiles = '{xml_mode}', propertySourceLocations = '{}', propertySourceProperties = '{movie.metadata=movie_metadata.xml}', contextCustomizers = set[[empty]], contextLoader = 'org.springframework.test.context.support.DelegatingSmartContextLoader', parent = [null]]].
23:55:47.948 [Test worker] DEBUG org.springframework.core.env.StandardEnvironment - Activating profiles [xml_mode]
23:55:47.948 [Test worker] DEBUG org.springframework.test.context.support.TestPropertySourceUtils - Adding inlined properties to environment: {movie.metadata=movie_metadata.xml}
23:55:47.949 [Test worker] DEBUG org.springframework.test.context.support.AnnotationConfigContextLoader - Registering component classes: {class moviebuddy.MovieBuddyFactory}
23:55:47.996 [Test worker] DEBUG org.springframework.context.support.GenericApplicationContext - Refreshing org.springframework.context.support.GenericApplicationContext@592ec351
23:55:48.014 [Test worker] DEBUG org.springframework.beans.factory.support.DefaultListableBeanFactory - Creating shared instance of singleton bean 'org.springframework.context.annotation.internalConfigurationAnnotationProcessor'
23:55:48.105 [Test worker] DEBUG org.springframework.context.annotation.ClassPathBeanDefinitionScanner - Identified candidate component class: file [C:\Users\leeka\IdeaProjects\moviebuddy\build\classes\java\main\moviebuddy\MovieBuddyFactory$DataSourceModuleConfig.class]
23:55:48.106 [Test worker] DEBUG org.springframework.context.annotation.ClassPathBeanDefinitionScanner - Identified candidate component class: file [C:\Users\leeka\IdeaProjects\moviebuddy\build\classes\java\main\moviebuddy\MovieBuddyFactory$DomainModuleConfig.class]
23:55:48.124 [Test worker] DEBUG org.springframework.context.annotation.ClassPathBeanDefinitionScanner - Identified candidate component class: file [C:\Users\leeka\IdeaProjects\moviebuddy\build\classes\java\main\moviebuddy\data\XmlMovieReader.class]
23:55:48.126 [Test worker] DEBUG org.springframework.context.annotation.ClassPathBeanDefinitionScanner - Identified candidate component class: file [C:\Users\leeka\IdeaProjects\moviebuddy\build\classes\java\main\moviebuddy\domain\MovieFinder.class]
23:55:48.276 [Test worker] DEBUG org.springframework.beans.factory.support.DefaultListableBeanFactory - Creating shared instance of singleton bean 'org.springframework.context.event.internalEventListenerProcessor'
23:55:48.279 [Test worker] DEBUG org.springframework.beans.factory.support.DefaultListableBeanFactory - Creating shared instance of singleton bean 'org.springframework.context.event.internalEventListenerFactory'
23:55:48.281 [Test worker] DEBUG org.springframework.beans.factory.support.DefaultListableBeanFactory - Creating shared instance of singleton bean 'org.springframework.context.annotation.internalAutowiredAnnotationProcessor'
23:55:48.283 [Test worker] DEBUG org.springframework.beans.factory.support.DefaultListableBeanFactory - Creating shared instance of singleton bean 'org.springframework.context.annotation.internalCommonAnnotationProcessor'
23:55:48.288 [Test worker] DEBUG org.springframework.beans.factory.support.DefaultListableBeanFactory - Creating shared instance of singleton bean 'defaultAdvisorAutoProxyCreator'
23:55:48.290 [Test worker] DEBUG org.springframework.beans.factory.support.DefaultListableBeanFactory - Creating shared instance of singleton bean 'movieBuddyFactory'
23:55:48.293 [Test worker] INFO org.springframework.context.support.PostProcessorRegistrationDelegate$BeanPostProcessorChecker - Bean 'movieBuddyFactory' of type [moviebuddy.MovieBuddyFactory$$EnhancerBySpringCGLIB$$6ad67bb] is not eligible for getting processed by all BeanPostProcessors (for example: not eligible for auto-proxying)
23:55:48.322 [Test worker] DEBUG org.springframework.beans.factory.support.DefaultListableBeanFactory - Creating shared instance of singleton bean 'movieBuddyFactory.DataSourceModuleConfig'
23:55:48.323 [Test worker] DEBUG org.springframework.beans.factory.support.DefaultListableBeanFactory - Creating shared instance of singleton bean 'cachingAdvisor'
23:55:48.328 [Test worker] DEBUG org.springframework.beans.factory.support.DefaultListableBeanFactory - Creating shared instance of singleton bean 'caffineCacheManger'
23:55:48.340 [Test worker] DEBUG org.springframework.beans.factory.support.DefaultListableBeanFactory - Autowiring by type from bean name 'cachingAdvisor' via factory method to bean named 'caffineCacheManger'
23:55:48.350 [Test worker] DEBUG org.springframework.beans.factory.support.DefaultListableBeanFactory - Creating shared instance of singleton bean 'movieBuddyFactory.DomainModuleConfig'
23:55:48.351 [Test worker] DEBUG org.springframework.beans.factory.support.DefaultListableBeanFactory - Creating shared instance of singleton bean 'xmlMovieReader'
23:55:48.359 [Test worker] DEBUG org.springframework.beans.factory.support.DefaultListableBeanFactory - Creating shared instance of singleton bean 'jaxb2Marshaller'
23:55:48.368 [Test worker] DEBUG org.springframework.oxm.jaxb.Jaxb2Marshaller - Creating JAXBContext by scanning packages [moviebuddy]
23:55:48.390 [Test worker] DEBUG org.springframework.oxm.jaxb.Jaxb2Marshaller - Found JAXB2 classes: [class moviebuddy.data.XmlMovieReader$MovieMetaData]
23:55:48.595 [Test worker] DEBUG org.springframework.beans.factory.support.DefaultListableBeanFactory - Autowiring by type from bean name 'xmlMovieReader' via constructor to bean named 'jaxb2Marshaller'
23:55:48.640 [Test worker] DEBUG org.springframework.core.env.PropertySourcesPropertyResolver - Found key 'movie.metadata' in PropertySource 'Inlined Test Properties' with value of type String
23:55:48.644 [Test worker] INFO moviebuddy.data.XmlMovieReader - class path resource [movie_metadata.xml]is ready
23:55:48.657 [Test worker] DEBUG org.springframework.beans.factory.support.DefaultListableBeanFactory - Creating shared instance of singleton bean 'movieFinder'
23:55:48.659 [Test worker] DEBUG org.springframework.beans.factory.support.DefaultListableBeanFactory - Autowiring by type from bean name 'movieFinder' via constructor to bean named 'xmlMovieReader'
23:55:48.670 [Test worker] DEBUG org.springframework.test.context.cache.DefaultCacheAwareContextLoaderDelegate - Storing ApplicationContext [1496236881] in cache under key [[MergedContextConfiguration@6ba356ff testClass = XmlMovieReaderTest, locations = '{}', classes = '{class moviebuddy.MovieBuddyFactory}', contextInitializerClasses = '[]', activeProfiles = '{xml_mode}', propertySourceLocations = '{}', propertySourceProperties = '{movie.metadata=movie_metadata.xml}', contextCustomizers = set[[empty]], contextLoader = 'org.springframework.test.context.support.DelegatingSmartContextLoader', parent = [null]]]
23:55:48.670 [Test worker] DEBUG org.springframework.test.context.cache - Spring test ApplicationContext cache statistics: [DefaultContextCache@3055df44 size = 1, maxSize = 32, parentContextCount = 0, hitCount = 0, missCount = 1]
23:55:48.674 [Test worker] DEBUG org.springframework.test.context.cache.DefaultCacheAwareContextLoaderDelegate - Retrieved ApplicationContext [1496236881] from cache with key [[MergedContextConfiguration@6ba356ff testClass = XmlMovieReaderTest, locations = '{}', classes = '{class moviebuddy.MovieBuddyFactory}', contextInitializerClasses = '[]', activeProfiles = '{xml_mode}', propertySourceLocations = '{}', propertySourceProperties = '{movie.metadata=movie_metadata.xml}', contextCustomizers = set[[empty]], contextLoader = 'org.springframework.test.context.support.DelegatingSmartContextLoader', parent = [null]]]
23:55:48.675 [Test worker] DEBUG org.springframework.test.context.cache - Spring test ApplicationContext cache statistics: [DefaultContextCache@3055df44 size = 1, maxSize = 32, parentContextCount = 0, hitCount = 1, missCount = 1]
23:55:48.679 [Test worker] DEBUG org.springframework.test.context.support.AbstractDirtiesContextTestExecutionListener - Before test method: context [DefaultTestContext@19e114ba testClass = XmlMovieReaderTest, testInstance = moviebuddy.data.XmlMovieReaderTest@6b80890b, testMethod = check_Type@XmlMovieReaderTest, testException = [null], mergedContextConfiguration = [MergedContextConfiguration@6ba356ff testClass = XmlMovieReaderTest, locations = '{}', classes = '{class moviebuddy.MovieBuddyFactory}', contextInitializerClasses = '[]', activeProfiles = '{xml_mode}', propertySourceLocations = '{}', propertySourceProperties = '{movie.metadata=movie_metadata.xml}', contextCustomizers = set[[empty]], contextLoader = 'org.springframework.test.context.support.DelegatingSmartContextLoader', parent = [null]], attributes = map['org.springframework.test.context.event.ApplicationEventsTestExecutionListener.recordApplicationEvents' -> false]], class annotated with @DirtiesContext [false] with mode [null], method annotated with @DirtiesContext [false] with mode [null].
23:55:48.681 [Test worker] DEBUG org.springframework.test.context.cache.DefaultCacheAwareContextLoaderDelegate - Retrieved ApplicationContext [1496236881] from cache with key [[MergedContextConfiguration@6ba356ff testClass = XmlMovieReaderTest, locations = '{}', classes = '{class moviebuddy.MovieBuddyFactory}', contextInitializerClasses = '[]', activeProfiles = '{xml_mode}', propertySourceLocations = '{}', propertySourceProperties = '{movie.metadata=movie_metadata.xml}', contextCustomizers = set[[empty]], contextLoader = 'org.springframework.test.context.support.DelegatingSmartContextLoader', parent = [null]]]
23:55:48.681 [Test worker] DEBUG org.springframework.test.context.cache - Spring test ApplicationContext cache statistics: [DefaultContextCache@3055df44 size = 1, maxSize = 32, parentContextCount = 0, hitCount = 2, missCount = 1]
23:55:48.682 [Test worker] DEBUG org.springframework.test.context.cache.DefaultCacheAwareContextLoaderDelegate - Retrieved ApplicationContext [1496236881] from cache with key [[MergedContextConfiguration@6ba356ff testClass = XmlMovieReaderTest, locations = '{}', classes = '{class moviebuddy.MovieBuddyFactory}', contextInitializerClasses = '[]', activeProfiles = '{xml_mode}', propertySourceLocations = '{}', propertySourceProperties = '{movie.metadata=movie_metadata.xml}', contextCustomizers = set[[empty]], contextLoader = 'org.springframework.test.context.support.DelegatingSmartContextLoader', parent = [null]]]
23:55:48.682 [Test worker] DEBUG org.springframework.test.context.cache - Spring test ApplicationContext cache statistics: [DefaultContextCache@3055df44 size = 1, maxSize = 32, parentContextCount = 0, hitCount = 3, missCount = 1]
23:55:48.693 [Test worker] DEBUG org.springframework.test.context.cache.DefaultCacheAwareContextLoaderDelegate - Retrieved ApplicationContext [1496236881] from cache with key [[MergedContextConfiguration@6ba356ff testClass = XmlMovieReaderTest, locations = '{}', classes = '{class moviebuddy.MovieBuddyFactory}', contextInitializerClasses = '[]', activeProfiles = '{xml_mode}', propertySourceLocations = '{}', propertySourceProperties = '{movie.metadata=movie_metadata.xml}', contextCustomizers = set[[empty]], contextLoader = 'org.springframework.test.context.support.DelegatingSmartContextLoader', parent = [null]]]
23:55:48.693 [Test worker] DEBUG org.springframework.test.context.cache - Spring test ApplicationContext cache statistics: [DefaultContextCache@3055df44 size = 1, maxSize = 32, parentContextCount = 0, hitCount = 4, missCount = 1]
23:55:48.694 [Test worker] DEBUG org.springframework.test.context.cache.DefaultCacheAwareContextLoaderDelegate - Retrieved ApplicationContext [1496236881] from cache with key [[MergedContextConfiguration@6ba356ff testClass = XmlMovieReaderTest, locations = '{}', classes = '{class moviebuddy.MovieBuddyFactory}', contextInitializerClasses = '[]', activeProfiles = '{xml_mode}', propertySourceLocations = '{}', propertySourceProperties = '{movie.metadata=movie_metadata.xml}', contextCustomizers = set[[empty]], contextLoader = 'org.springframework.test.context.support.DelegatingSmartContextLoader', parent = [null]]]
23:55:48.695 [Test worker] DEBUG org.springframework.test.context.cache - Spring test ApplicationContext cache statistics: [DefaultContextCache@3055df44 size = 1, maxSize = 32, parentContextCount = 0, hitCount = 5, missCount = 1]
23:55:48.695 [Test worker] DEBUG org.springframework.test.context.support.AbstractDirtiesContextTestExecutionListener - After test method: context [DefaultTestContext@19e114ba testClass = XmlMovieReaderTest, testInstance = moviebuddy.data.XmlMovieReaderTest@6b80890b, testMethod = check_Type@XmlMovieReaderTest, testException = [null], mergedContextConfiguration = [MergedContextConfiguration@6ba356ff testClass = XmlMovieReaderTest, locations = '{}', classes = '{class moviebuddy.MovieBuddyFactory}', contextInitializerClasses = '[]', activeProfiles = '{xml_mode}', propertySourceLocations = '{}', propertySourceProperties = '{movie.metadata=movie_metadata.xml}', contextCustomizers = set[[empty]], contextLoader = 'org.springframework.test.context.support.DelegatingSmartContextLoader', parent = [null]], attributes = map['org.springframework.test.context.event.ApplicationEventsTestExecutionListener.recordApplicationEvents' -> false]], class annotated with @DirtiesContext [false] with mode [null], method annotated with @DirtiesContext [false] with mode [null].
23:55:48.699 [Test worker] DEBUG org.springframework.test.context.support.DependencyInjectionTestExecutionListener - Performing dependency injection for test context [[DefaultTestContext@19e114ba testClass = XmlMovieReaderTest, testInstance = moviebuddy.data.XmlMovieReaderTest@2268122, testMethod = [null], testException = [null], mergedContextConfiguration = [MergedContextConfiguration@6ba356ff testClass = XmlMovieReaderTest, locations = '{}', classes = '{class moviebuddy.MovieBuddyFactory}', contextInitializerClasses = '[]', activeProfiles = '{xml_mode}', propertySourceLocations = '{}', propertySourceProperties = '{movie.metadata=movie_metadata.xml}', contextCustomizers = set[[empty]], contextLoader = 'org.springframework.test.context.support.DelegatingSmartContextLoader', parent = [null]], attributes = map['org.springframework.test.context.event.ApplicationEventsTestExecutionListener.recordApplicationEvents' -> false]]].
23:55:48.699 [Test worker] DEBUG org.springframework.test.context.cache.DefaultCacheAwareContextLoaderDelegate - Retrieved ApplicationContext [1496236881] from cache with key [[MergedContextConfiguration@6ba356ff testClass = XmlMovieReaderTest, locations = '{}', classes = '{class moviebuddy.MovieBuddyFactory}', contextInitializerClasses = '[]', activeProfiles = '{xml_mode}', propertySourceLocations = '{}', propertySourceProperties = '{movie.metadata=movie_metadata.xml}', contextCustomizers = set[[empty]], contextLoader = 'org.springframework.test.context.support.DelegatingSmartContextLoader', parent = [null]]]
23:55:48.699 [Test worker] DEBUG org.springframework.test.context.cache - Spring test ApplicationContext cache statistics: [DefaultContextCache@3055df44 size = 1, maxSize = 32, parentContextCount = 0, hitCount = 6, missCount = 1]
23:55:48.699 [Test worker] DEBUG org.springframework.test.context.cache.DefaultCacheAwareContextLoaderDelegate - Retrieved ApplicationContext [1496236881] from cache with key [[MergedContextConfiguration@6ba356ff testClass = XmlMovieReaderTest, locations = '{}', classes = '{class moviebuddy.MovieBuddyFactory}', contextInitializerClasses = '[]', activeProfiles = '{xml_mode}', propertySourceLocations = '{}', propertySourceProperties = '{movie.metadata=movie_metadata.xml}', contextCustomizers = set[[empty]], contextLoader = 'org.springframework.test.context.support.DelegatingSmartContextLoader', parent = [null]]]
23:55:48.699 [Test worker] DEBUG org.springframework.test.context.cache - Spring test ApplicationContext cache statistics: [DefaultContextCache@3055df44 size = 1, maxSize = 32, parentContextCount = 0, hitCount = 7, missCount = 1]
23:55:48.700 [Test worker] DEBUG org.springframework.test.context.support.AbstractDirtiesContextTestExecutionListener - Before test method: context [DefaultTestContext@19e114ba testClass = XmlMovieReaderTest, testInstance = moviebuddy.data.XmlMovieReaderTest@2268122, testMethod = NotEmpty_LoadedMovies@XmlMovieReaderTest, testException = [null], mergedContextConfiguration = [MergedContextConfiguration@6ba356ff testClass = XmlMovieReaderTest, locations = '{}', classes = '{class moviebuddy.MovieBuddyFactory}', contextInitializerClasses = '[]', activeProfiles = '{xml_mode}', propertySourceLocations = '{}', propertySourceProperties = '{movie.metadata=movie_metadata.xml}', contextCustomizers = set[[empty]], contextLoader = 'org.springframework.test.context.support.DelegatingSmartContextLoader', parent = [null]], attributes = map['org.springframework.test.context.event.ApplicationEventsTestExecutionListener.recordApplicationEvents' -> false]], class annotated with @DirtiesContext [false] with mode [null], method annotated with @DirtiesContext [false] with mode [null].
23:55:48.700 [Test worker] DEBUG org.springframework.test.context.cache.DefaultCacheAwareContextLoaderDelegate - Retrieved ApplicationContext [1496236881] from cache with key [[MergedContextConfiguration@6ba356ff testClass = XmlMovieReaderTest, locations = '{}', classes = '{class moviebuddy.MovieBuddyFactory}', contextInitializerClasses = '[]', activeProfiles = '{xml_mode}', propertySourceLocations = '{}', propertySourceProperties = '{movie.metadata=movie_metadata.xml}', contextCustomizers = set[[empty]], contextLoader = 'org.springframework.test.context.support.DelegatingSmartContextLoader', parent = [null]]]
23:55:48.701 [Test worker] DEBUG org.springframework.test.context.cache - Spring test ApplicationContext cache statistics: [DefaultContextCache@3055df44 size = 1, maxSize = 32, parentContextCount = 0, hitCount = 8, missCount = 1]
23:55:48.701 [Test worker] DEBUG org.springframework.test.context.cache.DefaultCacheAwareContextLoaderDelegate - Retrieved ApplicationContext [1496236881] from cache with key [[MergedContextConfiguration@6ba356ff testClass = XmlMovieReaderTest, locations = '{}', classes = '{class moviebuddy.MovieBuddyFactory}', contextInitializerClasses = '[]', activeProfiles = '{xml_mode}', propertySourceLocations = '{}', propertySourceProperties = '{movie.metadata=movie_metadata.xml}', contextCustomizers = set[[empty]], contextLoader = 'org.springframework.test.context.support.DelegatingSmartContextLoader', parent = [null]]]
23:55:48.701 [Test worker] DEBUG org.springframework.test.context.cache - Spring test ApplicationContext cache statistics: [DefaultContextCache@3055df44 size = 1, maxSize = 32, parentContextCount = 0, hitCount = 9, missCount = 1]
23:55:48.939 [Test worker] INFO moviebuddy.cache.CachingAdvice - caching return value. [ReflectiveMethodInvocation: public abstract java.util.List moviebuddy.domain.MovieReader.loadMovies(); target is of class [moviebuddy.data.XmlMovieReader]]
23:55:48.944 [Test worker] DEBUG org.springframework.test.context.cache.DefaultCacheAwareContextLoaderDelegate - Retrieved ApplicationContext [1496236881] from cache with key [[MergedContextConfiguration@6ba356ff testClass = XmlMovieReaderTest, locations = '{}', classes = '{class moviebuddy.MovieBuddyFactory}', contextInitializerClasses = '[]', activeProfiles = '{xml_mode}', propertySourceLocations = '{}', propertySourceProperties = '{movie.metadata=movie_metadata.xml}', contextCustomizers = set[[empty]], contextLoader = 'org.springframework.test.context.support.DelegatingSmartContextLoader', parent = [null]]]
23:55:48.945 [Test worker] DEBUG org.springframework.test.context.cache - Spring test ApplicationContext cache statistics: [DefaultContextCache@3055df44 size = 1, maxSize = 32, parentContextCount = 0, hitCount = 10, missCount = 1]
23:55:48.945 [Test worker] DEBUG org.springframework.test.context.cache.DefaultCacheAwareContextLoaderDelegate - Retrieved ApplicationContext [1496236881] from cache with key [[MergedContextConfiguration@6ba356ff testClass = XmlMovieReaderTest, locations = '{}', classes = '{class moviebuddy.MovieBuddyFactory}', contextInitializerClasses = '[]', activeProfiles = '{xml_mode}', propertySourceLocations = '{}', propertySourceProperties = '{movie.metadata=movie_metadata.xml}', contextCustomizers = set[[empty]], contextLoader = 'org.springframework.test.context.support.DelegatingSmartContextLoader', parent = [null]]]
23:55:48.945 [Test worker] DEBUG org.springframework.test.context.cache - Spring test ApplicationContext cache statistics: [DefaultContextCache@3055df44 size = 1, maxSize = 32, parentContextCount = 0, hitCount = 11, missCount = 1]
23:55:48.946 [Test worker] DEBUG org.springframework.test.context.support.AbstractDirtiesContextTestExecutionListener - After test method: context [DefaultTestContext@19e114ba testClass = XmlMovieReaderTest, testInstance = moviebuddy.data.XmlMovieReaderTest@2268122, testMethod = NotEmpty_LoadedMovies@XmlMovieReaderTest, testException = [null], mergedContextConfiguration = [MergedContextConfiguration@6ba356ff testClass = XmlMovieReaderTest, locations = '{}', classes = '{class moviebuddy.MovieBuddyFactory}', contextInitializerClasses = '[]', activeProfiles = '{xml_mode}', propertySourceLocations = '{}', propertySourceProperties = '{movie.metadata=movie_metadata.xml}', contextCustomizers = set[[empty]], contextLoader = 'org.springframework.test.context.support.DelegatingSmartContextLoader', parent = [null]], attributes = map['org.springframework.test.context.event.ApplicationEventsTestExecutionListener.recordApplicationEvents' -> false]], class annotated with @DirtiesContext [false] with mode [null], method annotated with @DirtiesContext [false] with mode [null].
23:55:48.951 [Test worker] DEBUG org.springframework.test.context.cache.DefaultCacheAwareContextLoaderDelegate - Retrieved ApplicationContext [1496236881] from cache with key [[MergedContextConfiguration@6ba356ff testClass = XmlMovieReaderTest, locations = '{}', classes = '{class moviebuddy.MovieBuddyFactory}', contextInitializerClasses = '[]', activeProfiles = '{xml_mode}', propertySourceLocations = '{}', propertySourceProperties = '{movie.metadata=movie_metadata.xml}', contextCustomizers = set[[empty]], contextLoader = 'org.springframework.test.context.support.DelegatingSmartContextLoader', parent = [null]]]
23:55:48.951 [Test worker] DEBUG org.springframework.test.context.cache - Spring test ApplicationContext cache statistics: [DefaultContextCache@3055df44 size = 1, maxSize = 32, parentContextCount = 0, hitCount = 12, missCount = 1]
23:55:48.952 [Test worker] DEBUG org.springframework.test.context.support.AbstractDirtiesContextTestExecutionListener - After test class: context [DefaultTestContext@19e114ba testClass = XmlMovieReaderTest, testInstance = [null], testMethod = [null], testException = [null], mergedContextConfiguration = [MergedContextConfiguration@6ba356ff testClass = XmlMovieReaderTest, locations = '{}', classes = '{class moviebuddy.MovieBuddyFactory}', contextInitializerClasses = '[]', activeProfiles = '{xml_mode}', propertySourceLocations = '{}', propertySourceProperties = '{movie.metadata=movie_metadata.xml}', contextCustomizers = set[[empty]], contextLoader = 'org.springframework.test.context.support.DelegatingSmartContextLoader', parent = [null]], attributes = map['org.springframework.test.context.event.ApplicationEventsTestExecutionListener.recordApplicationEvents' -> false]], class annotated with @DirtiesContext [false] with mode [null].
]]></system-out>
  <system-err><![CDATA[]]></system-err>
</testsuite>
